<?xml version="1.0" encoding="UTF-8"?>
<!-- Generated by org.testng.reporters.JUnitReportReporter -->
<testsuite hostname="HP" failures="0" tests="1" name="com.parametertest.Parameter_Test" time="0.005" errors="0" timestamp="2022-06-24T19:02:58 IST" skipped="0">
  <testcase classname="com.parametertest.Parameter_Test" name="credentialData" time="0.005"/>
  <system-out/>
</testsuite> <!-- com.parametertest.Parameter_Test -->
