<?xml version="1.0" encoding="UTF-8"?>
<!-- Generated by org.testng.reporters.JUnitReportReporter -->
<testsuite hostname="HP" failures="0" tests="3" name="com.timeout.Timeout" time="11.039" errors="0" timestamp="2022-06-21T18:53:38 IST" skipped="0">
  <testcase classname="com.timeout.Timeout" name="loGin" time="5.005"/>
  <system-out/>
  <testcase classname="com.timeout.Timeout" name="userName" time="4.017"/>
  <system-out/>
  <testcase classname="com.timeout.Timeout" name="Password" time="2.017"/>
  <system-out/>
</testsuite> <!-- com.timeout.Timeout -->
