<?xml version="1.0" encoding="UTF-8"?>
<!-- Generated by org.testng.reporters.JUnitReportReporter -->
<testsuite hostname="HP" failures="0" tests="2" name="com.paralletest.Parallel_Test" time="6.272" errors="0" timestamp="2022-06-20T18:53:27 IST" skipped="0">
  <testcase classname="com.paralletest.Parallel_Test" name="gooGle" time="2.570"/>
  <system-out/>
  <testcase classname="com.paralletest.Parallel_Test" name="flipKart" time="3.702"/>
  <system-out/>
</testsuite> <!-- com.paralletest.Parallel_Test -->
