<?xml version="1.0" encoding="UTF-8"?>
<!-- Generated by org.testng.reporters.JUnitReportReporter -->
<testsuite hostname="HP" failures="0" tests="1" name="com.asserttest.Asser_Test" time="10.183" errors="0" timestamp="2022-06-24T19:42:39 IST" skipped="0">
  <testcase classname="com.asserttest.Asser_Test" name="Assert" time="10.183"/>
  <system-out/>
</testsuite> <!-- com.asserttest.Asser_Test -->
