<?xml version="1.0" encoding="UTF-8"?>
<!-- Generated by org.testng.reporters.JUnitReportReporter -->
<testsuite hostname="HP" failures="0" tests="2" name="com.DataProvider.Data_provider" time="21.585" errors="0" timestamp="2022-06-24T18:31:46 IST" skipped="0">
  <testcase classname="com.DataProvider.Data_provider" name="loginScenario" time="11.544"/>
  <system-out/>
  <testcase classname="com.DataProvider.Data_provider" name="loginScenario" time="10.041"/>
  <system-out/>
</testsuite> <!-- com.DataProvider.Data_provider -->
