<?xml version="1.0" encoding="UTF-8"?>
<!-- Generated by org.testng.reporters.JUnitReportReporter -->
<testsuite hostname="HP" failures="0" tests="8" name="com.testNG.shoppingTest" time="0.010" errors="0" timestamp="2022-06-19T20:57:42 IST" skipped="0">
  <testcase classname="com.testNG.shoppingTest" name="dressSearch" time="0.001"/>
  <system-out/>
  <testcase classname="com.testNG.shoppingTest" name="dressSearch" time="0.000"/>
  <system-out/>
  <testcase classname="com.testNG.shoppingTest" name="dressSearch" time="0.003"/>
  <system-out/>
  <testcase classname="com.testNG.shoppingTest" name="dressSearch" time="0.002"/>
  <system-out/>
  <testcase classname="com.testNG.shoppingTest" name="dressSearch" time="0.000"/>
  <system-out/>
  <testcase classname="com.testNG.shoppingTest" name="charger" time="0.002"/>
  <system-out/>
  <testcase classname="com.testNG.shoppingTest" name="mobile" time="0.000"/>
  <system-out/>
  <testcase classname="com.testNG.shoppingTest" name="shirtSearch" time="0.002"/>
  <system-out/>
</testsuite> <!-- com.testNG.shoppingTest -->
