<?xml version="1.0" encoding="UTF-8"?>
<!-- Generated by org.testng.reporters.JUnitReportReporter -->
<testsuite hostname="HP" failures="0" tests="6" name="com.group_testNg.Group_TestNg" time="0.010" errors="0" timestamp="2022-06-20T19:42:16 IST" skipped="0">
  <testcase classname="com.group_testNg.Group_TestNg" name="dOg" time="0.001"/>
  <system-out/>
  <testcase classname="com.group_testNg.Group_TestNg" name="Bat" time="0.001"/>
  <system-out/>
  <testcase classname="com.group_testNg.Group_TestNg" name="Ball" time="0.007"/>
  <system-out/>
  <testcase classname="com.group_testNg.Group_TestNg" name="CAt" time="0.000"/>
  <system-out/>
  <testcase classname="com.group_testNg.Group_TestNg" name="PeaCock" time="0.000"/>
  <system-out/>
  <testcase classname="com.group_testNg.Group_TestNg" name="duck" time="0.001"/>
  <system-out/>
</testsuite> <!-- com.group_testNg.Group_TestNg -->
